;  LST file generated by mikroListExporter - v.2.0 
; Date/Time: 2/26/2023 5:57:47 PM
;----------------------------------------------

;Address Opcode 	ASM
0x0000	0x2829      	GOTO       41
_____DoICP:
;__Lib_System.c,6 :: 		
;__Lib_System.c,9 :: 		
0x0003	0x1283      	BCF        STATUS, 5
0x0004	0x1303      	BCF        STATUS, 6
0x0005	0x0849      	MOVF       ___DoICPAddr+1, 0
0x0006	0x008A      	MOVWF      PCLATH
;__Lib_System.c,10 :: 		
0x0007	0x0848      	MOVF       ___DoICPAddr, 0
0x0008	0x0082      	MOVWF      PCL
;__Lib_System.c,12 :: 		
L_end_____DoICP:
0x0009	0x0008      	RETURN
; end of _____DoICP
___CC2DW:
;__Lib_System.c,134 :: 		
;__Lib_System.c,137 :: 		
_CC2D_Loop1:
;__Lib_System.c,139 :: 		
0x000A	0x2003      	CALL       _____DoICP
0x000B	0x118A      	BCF        PCLATH, 3
0x000C	0x120A      	BCF        PCLATH, 4
;__Lib_System.c,141 :: 		
0x000D	0x0080      	MOVWF      INDF
;__Lib_System.c,142 :: 		
0x000E	0x0A84      	INCF       FSR, 1
;__Lib_System.c,143 :: 		
0x000F	0x0AC8      	INCF       ___DoICPAddr, 1
;__Lib_System.c,145 :: 		
0x0010	0x1903      	BTFSC      STATUS, 2
;__Lib_System.c,146 :: 		
0x0011	0x0AC9      	INCF       ___DoICPAddr+1, 1
;__Lib_System.c,147 :: 		
0x0012	0x03F0      	DECF       R0, 1
;__Lib_System.c,149 :: 		
0x0013	0x1D03      	BTFSS      STATUS, 2
;__Lib_System.c,150 :: 		
0x0014	0x280A      	GOTO       _CC2D_Loop1
;__Lib_System.c,152 :: 		
L_end___CC2DW:
0x0015	0x0008      	RETURN
; end of ___CC2DW
_offState:
;dotmatrix.c,9 :: 		void offState(){
;dotmatrix.c,10 :: 		portc=0x00;    // Initialize PortC  as off state
0x0016	0x1283      	BCF        STATUS, 5
0x0017	0x1303      	BCF        STATUS, 6
0x0018	0x0187      	CLRF       PORTC
;dotmatrix.c,11 :: 		portd=0x00;    // Initialize PortD  as off state
0x0019	0x0188      	CLRF       PORTD
;dotmatrix.c,12 :: 		delay_ms(1000);
0x001A	0x300B      	MOVLW      11
0x001B	0x00FB      	MOVWF      R11
0x001C	0x3026      	MOVLW      38
0x001D	0x00FC      	MOVWF      R12
0x001E	0x305D      	MOVLW      93
0x001F	0x00FD      	MOVWF      R13
L_offState0:
0x0020	0x0BFD      	DECFSZ     R13, 1
0x0021	0x2820      	GOTO       L_offState0
0x0022	0x0BFC      	DECFSZ     R12, 1
0x0023	0x2820      	GOTO       L_offState0
0x0024	0x0BFB      	DECFSZ     R11, 1
0x0025	0x2820      	GOTO       L_offState0
0x0026	0x0000      	NOP
0x0027	0x0000      	NOP
;dotmatrix.c,13 :: 		}
L_end_offState:
0x0028	0x0008      	RETURN
; end of _offState
_main:
0x0029	0x217C      	CALL       380
;dotmatrix.c,15 :: 		void main()
;dotmatrix.c,18 :: 		TRISC=0x00;  // PortC set as Output
0x002A	0x1683      	BSF        STATUS, 5
0x002B	0x1303      	BCF        STATUS, 6
0x002C	0x0187      	CLRF       TRISC
;dotmatrix.c,19 :: 		TRISD=0x00;  // PortD set as Output
0x002D	0x0188      	CLRF       TRISD
;dotmatrix.c,20 :: 		while(1)
L_main1:
;dotmatrix.c,22 :: 		offState(); //Function Call
0x002E	0x2016      	CALL       _offState
;dotmatrix.c,24 :: 		for(i=1;i<=100;i++){
0x002F	0x3001      	MOVLW      1
0x0030	0x00CA      	MOVWF      _i
0x0031	0x3000      	MOVLW      0
0x0032	0x00CB      	MOVWF      _i+1
L_main3:
0x0033	0x3080      	MOVLW      128
0x0034	0x00F0      	MOVWF      R0
0x0035	0x3080      	MOVLW      128
0x0036	0x064B      	XORWF      _i+1, 0
0x0037	0x0270      	SUBWF      R0, 0
0x0038	0x1D03      	BTFSS      STATUS, 2
0x0039	0x283C      	GOTO       L__main40
0x003A	0x084A      	MOVF       _i, 0
0x003B	0x3C64      	SUBLW      100
L__main40:
0x003C	0x1C03      	BTFSS      STATUS, 0
0x003D	0x2867      	GOTO       L_main4
;dotmatrix.c,25 :: 		for(j=0;j<8;j++){
0x003E	0x01CC      	CLRF       _j
0x003F	0x01CD      	CLRF       _j+1
L_main6:
0x0040	0x3080      	MOVLW      128
0x0041	0x064D      	XORWF      _j+1, 0
0x0042	0x00F0      	MOVWF      R0
0x0043	0x3080      	MOVLW      128
0x0044	0x0270      	SUBWF      R0, 0
0x0045	0x1D03      	BTFSS      STATUS, 2
0x0046	0x2849      	GOTO       L__main41
0x0047	0x3008      	MOVLW      8
0x0048	0x024C      	SUBWF      _j, 0
L__main41:
0x0049	0x1803      	BTFSC      STATUS, 0
0x004A	0x2863      	GOTO       L_main7
;dotmatrix.c,26 :: 		PORTD=col_data[j];   // Column Data
0x004B	0x084C      	MOVF       _j, 0
0x004C	0x3E38      	ADDLW      _col_data
0x004D	0x0084      	MOVWF      FSR
0x004E	0x0800      	MOVF       INDF, 0
0x004F	0x0088      	MOVWF      PORTD
;dotmatrix.c,27 :: 		PORTC=row_dataR[j];  // Row Data
0x0050	0x084C      	MOVF       _j, 0
0x0051	0x3E40      	ADDLW      _row_dataR
0x0052	0x0084      	MOVWF      FSR
0x0053	0x0800      	MOVF       INDF, 0
0x0054	0x0087      	MOVWF      PORTC
;dotmatrix.c,28 :: 		delay_ms(1);
0x0055	0x3003      	MOVLW      3
0x0056	0x00FC      	MOVWF      R12
0x0057	0x3097      	MOVLW      151
0x0058	0x00FD      	MOVWF      R13
L_main9:
0x0059	0x0BFD      	DECFSZ     R13, 1
0x005A	0x2859      	GOTO       L_main9
0x005B	0x0BFC      	DECFSZ     R12, 1
0x005C	0x2859      	GOTO       L_main9
0x005D	0x0000      	NOP
0x005E	0x0000      	NOP
;dotmatrix.c,25 :: 		for(j=0;j<8;j++){
0x005F	0x0ACC      	INCF       _j, 1
0x0060	0x1903      	BTFSC      STATUS, 2
0x0061	0x0ACD      	INCF       _j+1, 1
;dotmatrix.c,29 :: 		}
0x0062	0x2840      	GOTO       L_main6
L_main7:
;dotmatrix.c,24 :: 		for(i=1;i<=100;i++){
0x0063	0x0ACA      	INCF       _i, 1
0x0064	0x1903      	BTFSC      STATUS, 2
0x0065	0x0ACB      	INCF       _i+1, 1
;dotmatrix.c,30 :: 		}
0x0066	0x2833      	GOTO       L_main3
L_main4:
;dotmatrix.c,31 :: 		offState(); //Function Call
0x0067	0x2016      	CALL       _offState
;dotmatrix.c,34 :: 		for(i=1;i<=100;i++){
0x0068	0x3001      	MOVLW      1
0x0069	0x00CA      	MOVWF      _i
0x006A	0x3000      	MOVLW      0
0x006B	0x00CB      	MOVWF      _i+1
L_main10:
0x006C	0x3080      	MOVLW      128
0x006D	0x00F0      	MOVWF      R0
0x006E	0x3080      	MOVLW      128
0x006F	0x064B      	XORWF      _i+1, 0
0x0070	0x0270      	SUBWF      R0, 0
0x0071	0x1D03      	BTFSS      STATUS, 2
0x0072	0x2875      	GOTO       L__main42
0x0073	0x084A      	MOVF       _i, 0
0x0074	0x3C64      	SUBLW      100
L__main42:
0x0075	0x1C03      	BTFSS      STATUS, 0
0x0076	0x28A0      	GOTO       L_main11
;dotmatrix.c,35 :: 		for(j=0;j<8;j++){
0x0077	0x01CC      	CLRF       _j
0x0078	0x01CD      	CLRF       _j+1
L_main13:
0x0079	0x3080      	MOVLW      128
0x007A	0x064D      	XORWF      _j+1, 0
0x007B	0x00F0      	MOVWF      R0
0x007C	0x3080      	MOVLW      128
0x007D	0x0270      	SUBWF      R0, 0
0x007E	0x1D03      	BTFSS      STATUS, 2
0x007F	0x2882      	GOTO       L__main43
0x0080	0x3008      	MOVLW      8
0x0081	0x024C      	SUBWF      _j, 0
L__main43:
0x0082	0x1803      	BTFSC      STATUS, 0
0x0083	0x289C      	GOTO       L_main14
;dotmatrix.c,36 :: 		PORTD=col_data[j];   // Column Data
0x0084	0x084C      	MOVF       _j, 0
0x0085	0x3E38      	ADDLW      _col_data
0x0086	0x0084      	MOVWF      FSR
0x0087	0x0800      	MOVF       INDF, 0
0x0088	0x0088      	MOVWF      PORTD
;dotmatrix.c,37 :: 		PORTC=row_dataA[j];  // Row Data
0x0089	0x084C      	MOVF       _j, 0
0x008A	0x3E20      	ADDLW      _row_dataA
0x008B	0x0084      	MOVWF      FSR
0x008C	0x0800      	MOVF       INDF, 0
0x008D	0x0087      	MOVWF      PORTC
;dotmatrix.c,38 :: 		delay_ms(1);
0x008E	0x3003      	MOVLW      3
0x008F	0x00FC      	MOVWF      R12
0x0090	0x3097      	MOVLW      151
0x0091	0x00FD      	MOVWF      R13
L_main16:
0x0092	0x0BFD      	DECFSZ     R13, 1
0x0093	0x2892      	GOTO       L_main16
0x0094	0x0BFC      	DECFSZ     R12, 1
0x0095	0x2892      	GOTO       L_main16
0x0096	0x0000      	NOP
0x0097	0x0000      	NOP
;dotmatrix.c,35 :: 		for(j=0;j<8;j++){
0x0098	0x0ACC      	INCF       _j, 1
0x0099	0x1903      	BTFSC      STATUS, 2
0x009A	0x0ACD      	INCF       _j+1, 1
;dotmatrix.c,39 :: 		}
0x009B	0x2879      	GOTO       L_main13
L_main14:
;dotmatrix.c,34 :: 		for(i=1;i<=100;i++){
0x009C	0x0ACA      	INCF       _i, 1
0x009D	0x1903      	BTFSC      STATUS, 2
0x009E	0x0ACB      	INCF       _i+1, 1
;dotmatrix.c,40 :: 		}
0x009F	0x286C      	GOTO       L_main10
L_main11:
;dotmatrix.c,41 :: 		offState(); //Function Call
0x00A0	0x2016      	CALL       _offState
;dotmatrix.c,44 :: 		for(i=1;i<=100;i++){
0x00A1	0x3001      	MOVLW      1
0x00A2	0x00CA      	MOVWF      _i
0x00A3	0x3000      	MOVLW      0
0x00A4	0x00CB      	MOVWF      _i+1
L_main17:
0x00A5	0x3080      	MOVLW      128
0x00A6	0x00F0      	MOVWF      R0
0x00A7	0x3080      	MOVLW      128
0x00A8	0x064B      	XORWF      _i+1, 0
0x00A9	0x0270      	SUBWF      R0, 0
0x00AA	0x1D03      	BTFSS      STATUS, 2
0x00AB	0x28AE      	GOTO       L__main44
0x00AC	0x084A      	MOVF       _i, 0
0x00AD	0x3C64      	SUBLW      100
L__main44:
0x00AE	0x1C03      	BTFSS      STATUS, 0
0x00AF	0x28D9      	GOTO       L_main18
;dotmatrix.c,45 :: 		for(j=0;j<8;j++){
0x00B0	0x01CC      	CLRF       _j
0x00B1	0x01CD      	CLRF       _j+1
L_main20:
0x00B2	0x3080      	MOVLW      128
0x00B3	0x064D      	XORWF      _j+1, 0
0x00B4	0x00F0      	MOVWF      R0
0x00B5	0x3080      	MOVLW      128
0x00B6	0x0270      	SUBWF      R0, 0
0x00B7	0x1D03      	BTFSS      STATUS, 2
0x00B8	0x28BB      	GOTO       L__main45
0x00B9	0x3008      	MOVLW      8
0x00BA	0x024C      	SUBWF      _j, 0
L__main45:
0x00BB	0x1803      	BTFSC      STATUS, 0
0x00BC	0x28D5      	GOTO       L_main21
;dotmatrix.c,46 :: 		PORTD=col_data[j];   // Column Data
0x00BD	0x084C      	MOVF       _j, 0
0x00BE	0x3E38      	ADDLW      _col_data
0x00BF	0x0084      	MOVWF      FSR
0x00C0	0x0800      	MOVF       INDF, 0
0x00C1	0x0088      	MOVWF      PORTD
;dotmatrix.c,47 :: 		PORTC=row_dataH[j];  // Row Data
0x00C2	0x084C      	MOVF       _j, 0
0x00C3	0x3E28      	ADDLW      _row_dataH
0x00C4	0x0084      	MOVWF      FSR
0x00C5	0x0800      	MOVF       INDF, 0
0x00C6	0x0087      	MOVWF      PORTC
;dotmatrix.c,48 :: 		delay_ms(1);
0x00C7	0x3003      	MOVLW      3
0x00C8	0x00FC      	MOVWF      R12
0x00C9	0x3097      	MOVLW      151
0x00CA	0x00FD      	MOVWF      R13
L_main23:
0x00CB	0x0BFD      	DECFSZ     R13, 1
0x00CC	0x28CB      	GOTO       L_main23
0x00CD	0x0BFC      	DECFSZ     R12, 1
0x00CE	0x28CB      	GOTO       L_main23
0x00CF	0x0000      	NOP
0x00D0	0x0000      	NOP
;dotmatrix.c,45 :: 		for(j=0;j<8;j++){
0x00D1	0x0ACC      	INCF       _j, 1
0x00D2	0x1903      	BTFSC      STATUS, 2
0x00D3	0x0ACD      	INCF       _j+1, 1
;dotmatrix.c,49 :: 		}
0x00D4	0x28B2      	GOTO       L_main20
L_main21:
;dotmatrix.c,44 :: 		for(i=1;i<=100;i++){
0x00D5	0x0ACA      	INCF       _i, 1
0x00D6	0x1903      	BTFSC      STATUS, 2
0x00D7	0x0ACB      	INCF       _i+1, 1
;dotmatrix.c,50 :: 		}
0x00D8	0x28A5      	GOTO       L_main17
L_main18:
;dotmatrix.c,51 :: 		offState(); //Function Call
0x00D9	0x2016      	CALL       _offState
;dotmatrix.c,54 :: 		for(i=1;i<=100;i++){
0x00DA	0x3001      	MOVLW      1
0x00DB	0x00CA      	MOVWF      _i
0x00DC	0x3000      	MOVLW      0
0x00DD	0x00CB      	MOVWF      _i+1
L_main24:
0x00DE	0x3080      	MOVLW      128
0x00DF	0x00F0      	MOVWF      R0
0x00E0	0x3080      	MOVLW      128
0x00E1	0x064B      	XORWF      _i+1, 0
0x00E2	0x0270      	SUBWF      R0, 0
0x00E3	0x1D03      	BTFSS      STATUS, 2
0x00E4	0x28E7      	GOTO       L__main46
0x00E5	0x084A      	MOVF       _i, 0
0x00E6	0x3C64      	SUBLW      100
L__main46:
0x00E7	0x1C03      	BTFSS      STATUS, 0
0x00E8	0x2912      	GOTO       L_main25
;dotmatrix.c,55 :: 		for(j=0;j<8;j++){
0x00E9	0x01CC      	CLRF       _j
0x00EA	0x01CD      	CLRF       _j+1
L_main27:
0x00EB	0x3080      	MOVLW      128
0x00EC	0x064D      	XORWF      _j+1, 0
0x00ED	0x00F0      	MOVWF      R0
0x00EE	0x3080      	MOVLW      128
0x00EF	0x0270      	SUBWF      R0, 0
0x00F0	0x1D03      	BTFSS      STATUS, 2
0x00F1	0x28F4      	GOTO       L__main47
0x00F2	0x3008      	MOVLW      8
0x00F3	0x024C      	SUBWF      _j, 0
L__main47:
0x00F4	0x1803      	BTFSC      STATUS, 0
0x00F5	0x290E      	GOTO       L_main28
;dotmatrix.c,56 :: 		PORTD=col_data[j];   // Column Data
0x00F6	0x084C      	MOVF       _j, 0
0x00F7	0x3E38      	ADDLW      _col_data
0x00F8	0x0084      	MOVWF      FSR
0x00F9	0x0800      	MOVF       INDF, 0
0x00FA	0x0088      	MOVWF      PORTD
;dotmatrix.c,57 :: 		PORTC=row_dataA[j];  // Row Data
0x00FB	0x084C      	MOVF       _j, 0
0x00FC	0x3E20      	ADDLW      _row_dataA
0x00FD	0x0084      	MOVWF      FSR
0x00FE	0x0800      	MOVF       INDF, 0
0x00FF	0x0087      	MOVWF      PORTC
;dotmatrix.c,58 :: 		delay_ms(1);
0x0100	0x3003      	MOVLW      3
0x0101	0x00FC      	MOVWF      R12
0x0102	0x3097      	MOVLW      151
0x0103	0x00FD      	MOVWF      R13
L_main30:
0x0104	0x0BFD      	DECFSZ     R13, 1
0x0105	0x2904      	GOTO       L_main30
0x0106	0x0BFC      	DECFSZ     R12, 1
0x0107	0x2904      	GOTO       L_main30
0x0108	0x0000      	NOP
0x0109	0x0000      	NOP
;dotmatrix.c,55 :: 		for(j=0;j<8;j++){
0x010A	0x0ACC      	INCF       _j, 1
0x010B	0x1903      	BTFSC      STATUS, 2
0x010C	0x0ACD      	INCF       _j+1, 1
;dotmatrix.c,59 :: 		}
0x010D	0x28EB      	GOTO       L_main27
L_main28:
;dotmatrix.c,54 :: 		for(i=1;i<=100;i++){
0x010E	0x0ACA      	INCF       _i, 1
0x010F	0x1903      	BTFSC      STATUS, 2
0x0110	0x0ACB      	INCF       _i+1, 1
;dotmatrix.c,60 :: 		}
0x0111	0x28DE      	GOTO       L_main24
L_main25:
;dotmatrix.c,61 :: 		offState(); //Function Call
0x0112	0x2016      	CALL       _offState
;dotmatrix.c,64 :: 		for(i=1;i<=100;i++){
0x0113	0x3001      	MOVLW      1
0x0114	0x00CA      	MOVWF      _i
0x0115	0x3000      	MOVLW      0
0x0116	0x00CB      	MOVWF      _i+1
L_main31:
0x0117	0x3080      	MOVLW      128
0x0118	0x00F0      	MOVWF      R0
0x0119	0x3080      	MOVLW      128
0x011A	0x064B      	XORWF      _i+1, 0
0x011B	0x0270      	SUBWF      R0, 0
0x011C	0x1D03      	BTFSS      STATUS, 2
0x011D	0x2920      	GOTO       L__main48
0x011E	0x084A      	MOVF       _i, 0
0x011F	0x3C64      	SUBLW      100
L__main48:
0x0120	0x1C03      	BTFSS      STATUS, 0
0x0121	0x294B      	GOTO       L_main32
;dotmatrix.c,65 :: 		for(j=0;j<8;j++){
0x0122	0x01CC      	CLRF       _j
0x0123	0x01CD      	CLRF       _j+1
L_main34:
0x0124	0x3080      	MOVLW      128
0x0125	0x064D      	XORWF      _j+1, 0
0x0126	0x00F0      	MOVWF      R0
0x0127	0x3080      	MOVLW      128
0x0128	0x0270      	SUBWF      R0, 0
0x0129	0x1D03      	BTFSS      STATUS, 2
0x012A	0x292D      	GOTO       L__main49
0x012B	0x3008      	MOVLW      8
0x012C	0x024C      	SUBWF      _j, 0
L__main49:
0x012D	0x1803      	BTFSC      STATUS, 0
0x012E	0x2947      	GOTO       L_main35
;dotmatrix.c,66 :: 		PORTD=col_data[j];   // Column Data
0x012F	0x084C      	MOVF       _j, 0
0x0130	0x3E38      	ADDLW      _col_data
0x0131	0x0084      	MOVWF      FSR
0x0132	0x0800      	MOVF       INDF, 0
0x0133	0x0088      	MOVWF      PORTD
;dotmatrix.c,67 :: 		PORTC=row_dataT[j];  // Row Data
0x0134	0x084C      	MOVF       _j, 0
0x0135	0x3E30      	ADDLW      _row_dataT
0x0136	0x0084      	MOVWF      FSR
0x0137	0x0800      	MOVF       INDF, 0
0x0138	0x0087      	MOVWF      PORTC
;dotmatrix.c,68 :: 		delay_ms(1);
0x0139	0x3003      	MOVLW      3
0x013A	0x00FC      	MOVWF      R12
0x013B	0x3097      	MOVLW      151
0x013C	0x00FD      	MOVWF      R13
L_main37:
0x013D	0x0BFD      	DECFSZ     R13, 1
0x013E	0x293D      	GOTO       L_main37
0x013F	0x0BFC      	DECFSZ     R12, 1
0x0140	0x293D      	GOTO       L_main37
0x0141	0x0000      	NOP
0x0142	0x0000      	NOP
;dotmatrix.c,65 :: 		for(j=0;j<8;j++){
0x0143	0x0ACC      	INCF       _j, 1
0x0144	0x1903      	BTFSC      STATUS, 2
0x0145	0x0ACD      	INCF       _j+1, 1
;dotmatrix.c,69 :: 		}
0x0146	0x2924      	GOTO       L_main34
L_main35:
;dotmatrix.c,64 :: 		for(i=1;i<=100;i++){
0x0147	0x0ACA      	INCF       _i, 1
0x0148	0x1903      	BTFSC      STATUS, 2
0x0149	0x0ACB      	INCF       _i+1, 1
;dotmatrix.c,70 :: 		}
0x014A	0x2917      	GOTO       L_main31
L_main32:
;dotmatrix.c,71 :: 		offState(); //Function Call
0x014B	0x2016      	CALL       _offState
;dotmatrix.c,72 :: 		}
0x014C	0x282E      	GOTO       L_main1
;dotmatrix.c,73 :: 		}
L_end_main:
0x014D	0x294D      	GOTO       $+0
; end of _main
0x017C	0x3020      	MOVLW      32
0x017D	0x0084      	MOVWF      FSR
0x017E	0x3028      	MOVLW      40
0x017F	0x1283      	BCF        STATUS, 5
0x0180	0x1303      	BCF        STATUS, 6
0x0181	0x00F0      	MOVWF      R0
0x0182	0x3053      	MOVLW      83
0x0183	0x00C8      	MOVWF      ___DoICPAddr
0x0184	0x3001      	MOVLW      1
0x0185	0x00C9      	MOVWF      73
0x0186	0x200A      	CALL       10
0x0187	0x0008      	RETURN
;dotmatrix.c,0 :: ?ICS_row_dataA
0x0153	0x3400 ;?ICS_row_dataA+0
0x0154	0x347F ;?ICS_row_dataA+1
0x0155	0x34FF ;?ICS_row_dataA+2
0x0156	0x34CC ;?ICS_row_dataA+3
0x0157	0x34CC ;?ICS_row_dataA+4
0x0158	0x34FF ;?ICS_row_dataA+5
0x0159	0x347F ;?ICS_row_dataA+6
0x015A	0x3400 ;?ICS_row_dataA+7
; end of ?ICS_row_dataA
;dotmatrix.c,0 :: ?ICS_row_dataH
0x015B	0x34FF ;?ICS_row_dataH+0
0x015C	0x34FF ;?ICS_row_dataH+1
0x015D	0x3418 ;?ICS_row_dataH+2
0x015E	0x3418 ;?ICS_row_dataH+3
0x015F	0x3418 ;?ICS_row_dataH+4
0x0160	0x3418 ;?ICS_row_dataH+5
0x0161	0x34FF ;?ICS_row_dataH+6
0x0162	0x34FF ;?ICS_row_dataH+7
; end of ?ICS_row_dataH
;dotmatrix.c,0 :: ?ICS_row_dataT
0x0163	0x34C0 ;?ICS_row_dataT+0
0x0164	0x34C0 ;?ICS_row_dataT+1
0x0165	0x34C0 ;?ICS_row_dataT+2
0x0166	0x34FF ;?ICS_row_dataT+3
0x0167	0x34FF ;?ICS_row_dataT+4
0x0168	0x34C0 ;?ICS_row_dataT+5
0x0169	0x34C0 ;?ICS_row_dataT+6
0x016A	0x34C0 ;?ICS_row_dataT+7
; end of ?ICS_row_dataT
;dotmatrix.c,0 :: ?ICS_col_data
0x016B	0x3480 ;?ICS_col_data+0
0x016C	0x3440 ;?ICS_col_data+1
0x016D	0x3420 ;?ICS_col_data+2
0x016E	0x3410 ;?ICS_col_data+3
0x016F	0x3408 ;?ICS_col_data+4
0x0170	0x3404 ;?ICS_col_data+5
0x0171	0x3402 ;?ICS_col_data+6
0x0172	0x3401 ;?ICS_col_data+7
; end of ?ICS_col_data
;dotmatrix.c,0 :: ?ICS_row_dataR
0x0173	0x3400 ;?ICS_row_dataR+0
0x0174	0x34FF ;?ICS_row_dataR+1
0x0175	0x34FF ;?ICS_row_dataR+2
0x0176	0x34CC ;?ICS_row_dataR+3
0x0177	0x34CC ;?ICS_row_dataR+4
0x0178	0x34FF ;?ICS_row_dataR+5
0x0179	0x347B ;?ICS_row_dataR+6
0x017A	0x3400 ;?ICS_row_dataR+7
; end of ?ICS_row_dataR
Symbol List:
//** Routines locations **
//ADDRESS    SIZE    PROCEDURE
//----------------------------------------------
0x0003       [7]    _____DoICP
0x000A      [12]    ___CC2DW
0x0016      [19]    _offState
0x0029     [292]    _main
//** Variables locations ** 
//ADDRESS    SIZE    VARIABLE
//----------------------------------------------
0x0000       [1]    INDF
0x0002       [1]    PCL
0x0003       [1]    STATUS
0x0004       [1]    FSR
0x0007       [1]    PORTC
0x0008       [1]    PORTD
0x000A       [1]    PCLATH
0x0020       [8]    _row_dataA
0x0028       [8]    _row_dataH
0x0030       [8]    _row_dataT
0x0038       [8]    _col_data
0x0040       [8]    _row_dataR
0x0048       [2]    ___DoICPAddr
0x004A       [2]    _i
0x004C       [2]    _j
0x0070       [1]    R0
0x0071       [1]    R1
0x0072       [1]    R2
0x0073       [1]    R3
0x0074       [1]    R4
0x0075       [1]    R5
0x0076       [1]    R6
0x0077       [1]    R7
0x0078       [1]    R8
0x0079       [1]    R9
0x007A       [1]    R10
0x007B       [1]    R11
0x007C       [1]    R12
0x007D       [1]    R13
0x007E       [1]    R14
0x007F       [1]    R15
0x0087       [1]    TRISC
0x0088       [1]    TRISD
//** Constants locations ** 
//ADDRESS    SIZE    CONSTANT
//----------------------------------------------
0x0153       [8]    ?ICS_row_dataA
0x015B       [8]    ?ICS_row_dataH
0x0163       [8]    ?ICS_row_dataT
0x016B       [8]    ?ICS_col_data
0x0173       [8]    ?ICS_row_dataR
