;  LST file generated by mikroListExporter - v.2.0 
; Date/Time: 2/26/2023 8:06:56 PM
;----------------------------------------------

;Address Opcode 	ASM
0x0000	0x2803      	GOTO       3
_main:
;push_button.c,1 :: 		void main()
;push_button.c,4 :: 		TRISB=0x00;
0x0003	0x1683      	BSF        STATUS, 5
0x0004	0x1303      	BCF        STATUS, 6
0x0005	0x0186      	CLRF       TRISB
;push_button.c,5 :: 		TRISD=0xff;
0x0006	0x30FF      	MOVLW      255
0x0007	0x0088      	MOVWF      TRISD
;push_button.c,6 :: 		portb.f0=0;
0x0008	0x1283      	BCF        STATUS, 5
0x0009	0x1006      	BCF        PORTB, 0
;push_button.c,8 :: 		portb.f1=0;
0x000A	0x1086      	BCF        PORTB, 1
;push_button.c,9 :: 		while(1)
L_main0:
;push_button.c,11 :: 		if(portd.f0=1)
0x000B	0x1408      	BSF        PORTD, 0
0x000C	0x1C08      	BTFSS      PORTD, 0
0x000D	0x281C      	GOTO       L_main2
;push_button.c,13 :: 		portb.f0=1;
0x000E	0x1406      	BSF        PORTB, 0
;push_button.c,14 :: 		delay_ms(100);
0x000F	0x3002      	MOVLW      2
0x0010	0x00FB      	MOVWF      R11
0x0011	0x3004      	MOVLW      4
0x0012	0x00FC      	MOVWF      R12
0x0013	0x30BA      	MOVLW      186
0x0014	0x00FD      	MOVWF      R13
L_main3:
0x0015	0x0BFD      	DECFSZ     R13, 1
0x0016	0x2815      	GOTO       L_main3
0x0017	0x0BFC      	DECFSZ     R12, 1
0x0018	0x2815      	GOTO       L_main3
0x0019	0x0BFB      	DECFSZ     R11, 1
0x001A	0x2815      	GOTO       L_main3
0x001B	0x0000      	NOP
;push_button.c,17 :: 		}
L_main2:
;push_button.c,19 :: 		if(portd.f1=0)
0x001C	0x1088      	BCF        PORTD, 1
0x001D	0x1C88      	BTFSS      PORTD, 1
0x001E	0x282E      	GOTO       L_main4
;push_button.c,21 :: 		portb.f1=0;
0x001F	0x1086      	BCF        PORTB, 1
;push_button.c,22 :: 		delay_ms(100);
0x0020	0x3002      	MOVLW      2
0x0021	0x00FB      	MOVWF      R11
0x0022	0x3004      	MOVLW      4
0x0023	0x00FC      	MOVWF      R12
0x0024	0x30BA      	MOVLW      186
0x0025	0x00FD      	MOVWF      R13
L_main5:
0x0026	0x0BFD      	DECFSZ     R13, 1
0x0027	0x2826      	GOTO       L_main5
0x0028	0x0BFC      	DECFSZ     R12, 1
0x0029	0x2826      	GOTO       L_main5
0x002A	0x0BFB      	DECFSZ     R11, 1
0x002B	0x2826      	GOTO       L_main5
0x002C	0x0000      	NOP
;push_button.c,23 :: 		}
0x002D	0x2830      	GOTO       L_main6
L_main4:
;push_button.c,26 :: 		portb.f0=0;
0x002E	0x1006      	BCF        PORTB, 0
;push_button.c,27 :: 		portb.f1=0;
0x002F	0x1086      	BCF        PORTB, 1
;push_button.c,28 :: 		}
L_main6:
;push_button.c,30 :: 		}
0x0030	0x280B      	GOTO       L_main0
;push_button.c,31 :: 		}
L_end_main:
0x0031	0x2831      	GOTO       $+0
; end of _main
Symbol List:
//** Routines locations **
//ADDRESS    SIZE    PROCEDURE
//----------------------------------------------
0x0003      [47]    _main
//** Variables locations ** 
//ADDRESS    SIZE    VARIABLE
//----------------------------------------------
0x0000       [1]    INDF
0x0003       [1]    STATUS
0x0004       [1]    FSR
0x0006       [1]    PORTB
0x0008       [1]    PORTD
0x000A       [1]    PCLATH
0x0020       [2]    ___DoICPAddr
0x0070       [1]    R0
0x0071       [1]    R1
0x0072       [1]    R2
0x0073       [1]    R3
0x0074       [1]    R4
0x0075       [1]    R5
0x0076       [1]    R6
0x0077       [1]    R7
0x0078       [1]    R8
0x0079       [1]    R9
0x007A       [1]    R10
0x007B       [1]    R11
0x007C       [1]    R12
0x007D       [1]    R13
0x007E       [1]    R14
0x007F       [1]    R15
0x0086       [1]    TRISB
0x0088       [1]    TRISD
